[16:44:15] INFO: Thread crawler đã khởi động
[16:44:15] INFO: Config headless=True, resume=True, phonetic=True, example=True, note_all=False, output=E:\code\Money\Seledium\output
[16:44:15] Bắt đầu phiên cào dữ liệu...
[16:44:15] Không thấy chromedriver local, Selenium Manager sẽ tự xử lý (có thể chậm nếu mạng yếu).
[16:44:15] Đang khởi tạo ChromeDriver...
[16:44:16] Khởi tạo ChromeDriver thành công.
[16:44:19] Đã mở trang gốc: https://langeek.co/en/vocab/category/251/c2-level
[16:44:19] Tìm thấy 89 chủ đề cần xử lý
[16:44:19] [1/89] Đang xử lý: Size and Magnitude
[16:44:21] INFO: expected_words=23
[16:44:21] INFO: __NEXT_DATA__ cards=23
[16:44:21] SAVE: 01_size_and_magnitude.csv (23 từ)
[16:44:21] OK: Size and Magnitude -> 23 từ
[16:44:21] [2/89] Đang xử lý: Weight and Stability
[16:44:22] INFO: expected_words=13
[16:44:22] INFO: __NEXT_DATA__ cards=13
[16:44:22] SAVE: 02_weight_and_stability.csv (13 từ)
[16:44:22] OK: Weight and Stability -> 13 từ
[16:44:22] [3/89] Đang xử lý: Quantity
[16:44:45] INFO: expected_words=23
[16:44:45] INFO: __NEXT_DATA__ cards=23
[16:44:45] SAVE: 03_quantity.csv (23 từ)
[16:44:45] OK: Quantity -> 23 từ
[16:44:45] [4/89] Đang xử lý: Intensity
[16:44:47] INFO: expected_words=16
[16:44:47] INFO: __NEXT_DATA__ cards=16
[16:44:47] SAVE: 04_intensity.csv (16 từ)
[16:44:47] OK: Intensity -> 16 từ
[16:44:47] [5/89] Đang xử lý: Pace
[16:44:50] INFO: expected_words=16
[16:44:50] INFO: __NEXT_DATA__ cards=16
[16:44:50] SAVE: 05_pace.csv (16 từ)
[16:44:50] OK: Pace -> 16 từ
[16:44:50] [6/89] Đang xử lý: Shapes
[16:44:53] INFO: expected_words=19
[16:44:53] INFO: __NEXT_DATA__ cards=19
[16:44:53] SAVE: 06_shapes.csv (19 từ)
[16:44:53] OK: Shapes -> 19 từ
[16:44:53] [7/89] Đang xử lý: Importance and Essentiality
[16:44:56] INFO: expected_words=21
[16:44:56] INFO: __NEXT_DATA__ cards=21
[16:44:56] SAVE: 07_importance_and_essentiality.csv (21 từ)
[16:44:56] OK: Importance and Essentiality -> 21 từ
[16:44:56] [8/89] Đang xử lý: Commonness and Uniqueness
[16:44:58] INFO: expected_words=16
[16:44:58] INFO: __NEXT_DATA__ cards=16
[16:44:58] SAVE: 08_commonness_and_uniqueness.csv (16 từ)
[16:44:58] OK: Commonness and Uniqueness -> 16 từ
[16:44:58] [9/89] Đang xử lý: Difficulty and Challenge
[16:45:02] INFO: expected_words=27
[16:45:02] INFO: __NEXT_DATA__ cards=27
[16:45:02] SAVE: 09_difficulty_and_challenge.csv (27 từ)
[16:45:02] OK: Difficulty and Challenge -> 27 từ
[16:45:02] [10/89] Đang xử lý: Price and Luxuriousness
[16:45:04] INFO: expected_words=12
[16:45:04] INFO: __NEXT_DATA__ cards=12
[16:45:04] SAVE: 10_price_and_luxuriousness.csv (12 từ)
[16:45:04] OK: Price and Luxuriousness -> 12 từ
[16:45:04] [11/89] Đang xử lý: Quality
[16:45:07] INFO: expected_words=22
[16:45:07] INFO: __NEXT_DATA__ cards=22
[16:45:07] SAVE: 11_quality.csv (22 từ)
[16:45:07] OK: Quality -> 22 từ
[16:45:07] [12/89] Đang xử lý: Success and Wealth
[16:45:10] INFO: expected_words=24
[16:45:10] INFO: __NEXT_DATA__ cards=24
[16:45:10] SAVE: 12_success_and_wealth.csv (24 từ)
[16:45:10] OK: Success and Wealth -> 24 từ
[16:45:10] [13/89] Đang xử lý: Failure and Poverty
[16:45:13] INFO: expected_words=23
[16:45:13] INFO: __NEXT_DATA__ cards=23
[16:45:13] SAVE: 13_failure_and_poverty.csv (23 từ)
[16:45:13] OK: Failure and Poverty -> 23 từ
[16:45:13] [14/89] Đang xử lý: Body Shape
[16:45:16] INFO: expected_words=29
[16:45:16] INFO: __NEXT_DATA__ cards=29
[16:45:16] SAVE: 14_body_shape.csv (29 từ)
[16:45:16] OK: Body Shape -> 29 từ
[16:45:16] [15/89] Đang xử lý: Age and Appearance
[16:45:19] INFO: expected_words=25
[16:45:19] INFO: __NEXT_DATA__ cards=25
[16:45:19] SAVE: 15_age_and_appearance.csv (25 từ)
[16:45:19] OK: Age and Appearance -> 25 từ
[16:45:19] [16/89] Đang xử lý: Comprehension and Intelligence
[16:45:21] INFO: expected_words=24
[16:45:21] INFO: __NEXT_DATA__ cards=24
[16:45:21] SAVE: 16_comprehension_and_intelligence.csv (24 từ)
[16:45:21] OK: Comprehension and Intelligence -> 24 từ
[16:45:21] [17/89] Đang xử lý: Personal Traits
[16:45:23] INFO: expected_words=22
[16:45:23] INFO: __NEXT_DATA__ cards=22
[16:45:23] SAVE: 17_personal_traits.csv (22 từ)
[16:45:23] OK: Personal Traits -> 22 từ
[16:45:23] [18/89] Đang xử lý: Emotional States
[16:45:26] INFO: expected_words=24
[16:45:26] INFO: __NEXT_DATA__ cards=24
[16:45:26] SAVE: 18_emotional_states.csv (24 từ)
[16:45:26] OK: Emotional States -> 24 từ
[16:45:26] [19/89] Đang xử lý: Trigerring Emotions
[16:45:28] INFO: expected_words=27
[16:45:28] INFO: __NEXT_DATA__ cards=27
[16:45:28] SAVE: 19_trigerring_emotions.csv (27 từ)
[16:45:28] OK: Trigerring Emotions -> 27 từ
[16:45:28] [20/89] Đang xử lý: Feelings
[16:45:31] INFO: expected_words=30
[16:45:31] INFO: __NEXT_DATA__ cards=30
[16:45:31] SAVE: 20_feelings.csv (30 từ)
[16:45:31] OK: Feelings -> 30 từ
[16:45:31] [21/89] Đang xử lý: Relationship Dynamics and Connections
[16:45:35] INFO: expected_words=25
[16:45:35] INFO: __NEXT_DATA__ cards=25
[16:45:35] SAVE: 21_relationship_dynamics_and_connections.csv (25 từ)
[16:45:35] OK: Relationship Dynamics and Connections -> 25 từ
[16:45:35] [22/89] Đang xử lý: Social and Moral Behaviors
[16:45:38] INFO: expected_words=31
[16:45:38] INFO: __NEXT_DATA__ cards=31
[16:45:38] SAVE: 22_social_and_moral_behaviors.csv (31 từ)
[16:45:38] OK: Social and Moral Behaviors -> 31 từ
[16:45:38] [23/89] Đang xử lý: Tastes and Smells
[16:45:41] INFO: expected_words=19
[16:45:41] INFO: __NEXT_DATA__ cards=19
[16:45:41] SAVE: 23_tastes_and_smells.csv (19 từ)
[16:45:41] OK: Tastes and Smells -> 19 từ
[16:45:41] [24/89] Đang xử lý: Sounds
[16:45:44] INFO: expected_words=25
[16:45:44] INFO: __NEXT_DATA__ cards=25
[16:45:44] SAVE: 24_sounds.csv (25 từ)
[16:45:44] OK: Sounds -> 25 từ
[16:45:44] [25/89] Đang xử lý: Textures
[16:45:48] INFO: expected_words=23
[16:45:48] INFO: __NEXT_DATA__ cards=23
[16:45:48] SAVE: 25_textures.csv (23 từ)
[16:45:48] OK: Textures -> 23 từ
[16:45:48] [26/89] Đang xử lý: Thoughts and Decisions
[16:45:50] INFO: expected_words=21
[16:45:50] INFO: __NEXT_DATA__ cards=21
[16:45:50] SAVE: 26_thoughts_and_decisions.csv (21 từ)
[16:45:50] OK: Thoughts and Decisions -> 21 từ
[16:45:50] [27/89] Đang xử lý: Complaint and Criticism
[16:45:53] INFO: expected_words=21
[16:45:53] INFO: __NEXT_DATA__ cards=21
[16:45:53] SAVE: 27_complaint_and_criticism.csv (21 từ)
[16:45:53] OK: Complaint and Criticism -> 21 từ
[16:45:53] [28/89] Đang xử lý: Harmony and Discord
[16:45:55] INFO: expected_words=22
[16:45:55] INFO: __NEXT_DATA__ cards=22
[16:45:55] SAVE: 28_harmony_and_discord.csv (22 từ)
[16:45:55] OK: Harmony and Discord -> 22 từ
[16:45:55] [29/89] Đang xử lý: Communication and Discussion
[16:45:58] INFO: expected_words=32
[16:45:58] INFO: __NEXT_DATA__ cards=32
[16:45:58] SAVE: 29_communication_and_discussion.csv (32 từ)
[16:45:58] OK: Communication and Discussion -> 32 từ
[16:45:58] [30/89] Đang xử lý: Body Language and Emotional Actions
[16:46:01] INFO: expected_words=18
[16:46:01] INFO: __NEXT_DATA__ cards=18
[16:46:01] SAVE: 30_body_language_and_emotional_actions.csv (18 từ)
[16:46:01] OK: Body Language and Emotional Actions -> 18 từ
[16:46:01] [31/89] Đang xử lý: Order and Permission
[16:46:03] INFO: expected_words=19
[16:46:03] INFO: __NEXT_DATA__ cards=19
[16:46:03] SAVE: 31_order_and_permission.csv (19 từ)
[16:46:03] OK: Order and Permission -> 19 từ
[16:46:03] [32/89] Đang xử lý: Advice and Influence
[16:46:05] INFO: expected_words=15
[16:46:05] INFO: __NEXT_DATA__ cards=15
[16:46:05] SAVE: 32_advice_and_influence.csv (15 từ)
[16:46:05] OK: Advice and Influence -> 15 từ
[16:46:05] [33/89] Đang xử lý: Honor and Admiration
[16:46:08] INFO: expected_words=19
[16:46:08] INFO: __NEXT_DATA__ cards=19
[16:46:08] SAVE: 33_honor_and_admiration.csv (19 từ)
[16:46:08] OK: Honor and Admiration -> 19 từ
[16:46:08] [34/89] Đang xử lý: Request and Answer
[16:46:14] INFO: expected_words=13
[16:46:14] INFO: __NEXT_DATA__ cards=13
[16:46:14] SAVE: 34_request_and_answer.csv (13 từ)
[16:46:14] OK: Request and Answer -> 13 từ
[16:46:14] [35/89] Đang xử lý: Attempt and Prevention
[16:46:16] INFO: expected_words=16
[16:46:16] INFO: __NEXT_DATA__ cards=16
[16:46:16] SAVE: 35_attempt_and_prevention.csv (16 từ)
[16:46:16] OK: Attempt and Prevention -> 16 từ
[16:46:16] [36/89] Đang xử lý: Changing and Forming
[16:46:18] INFO: expected_words=22
[16:46:18] INFO: __NEXT_DATA__ cards=22
[16:46:18] SAVE: 36_changing_and_forming.csv (22 từ)
[16:46:18] OK: Changing and Forming -> 22 từ
[16:46:18] [37/89] Đang xử lý: Movements
[16:46:20] INFO: expected_words=24
[16:46:20] INFO: __NEXT_DATA__ cards=24
[16:46:20] SAVE: 37_movements.csv (24 từ)
[16:46:20] OK: Movements -> 24 từ
[16:46:20] [38/89] Đang xử lý: Preparing Food
[16:46:23] INFO: expected_words=21
[16:46:23] INFO: __NEXT_DATA__ cards=21
[16:46:23] SAVE: 38_preparing_food.csv (21 từ)
[16:46:23] OK: Preparing Food -> 21 từ
[16:46:23] [39/89] Đang xử lý: Food and Drinks
[16:46:25] INFO: expected_words=26
[16:46:26] INFO: __NEXT_DATA__ cards=26
[16:46:26] SAVE: 39_food_and_drinks.csv (26 từ)
[16:46:26] OK: Food and Drinks -> 26 từ
[16:46:26] [40/89] Đang xử lý: Natural Environment
[16:46:27] INFO: expected_words=21
[16:46:27] INFO: __NEXT_DATA__ cards=21
[16:46:27] SAVE: 40_natural_environment.csv (21 từ)
[16:46:27] OK: Natural Environment -> 21 từ
[16:46:27] [41/89] Đang xử lý: Animals
[16:46:30] INFO: expected_words=29
[16:46:30] INFO: __NEXT_DATA__ cards=29
[16:46:30] SAVE: 41_animals.csv (29 từ)
[16:46:30] OK: Animals -> 29 từ
[16:46:30] [42/89] Đang xử lý: Weather and Temperature
[16:46:32] INFO: expected_words=27
[16:46:32] INFO: __NEXT_DATA__ cards=27
[16:46:32] SAVE: 42_weather_and_temperature.csv (27 từ)
[16:46:32] OK: Weather and Temperature -> 27 từ
[16:46:32] [43/89] Đang xử lý: Disaster and Pollution
[16:46:34] INFO: expected_words=23
[16:46:34] INFO: __NEXT_DATA__ cards=23
[16:46:34] SAVE: 43_disaster_and_pollution.csv (23 từ)
[16:46:34] OK: Disaster and Pollution -> 23 từ
[16:46:34] [44/89] Đang xử lý: Work Environment
[16:46:37] INFO: expected_words=27
[16:46:37] INFO: __NEXT_DATA__ cards=27
[16:46:37] SAVE: 44_work_environment.csv (27 từ)
[16:46:37] OK: Work Environment -> 27 từ
[16:46:37] [45/89] Đang xử lý: Occupations
[16:46:40] INFO: expected_words=30
[16:46:40] INFO: __NEXT_DATA__ cards=30
[16:46:40] SAVE: 45_occupations.csv (30 từ)
[16:46:40] OK: Occupations -> 30 từ
[16:46:40] [46/89] Đang xử lý: Accommodation
[16:46:42] INFO: expected_words=29
[16:46:42] INFO: __NEXT_DATA__ cards=29
[16:46:42] SAVE: 46_accommodation.csv (29 từ)
[16:46:42] OK: Accommodation -> 29 từ
[16:46:42] [47/89] Đang xử lý: Transportation
[16:46:44] INFO: expected_words=29
[16:46:44] INFO: __NEXT_DATA__ cards=29
[16:46:44] SAVE: 47_transportation.csv (29 từ)
[16:46:44] OK: Transportation -> 29 từ
[16:46:44] [48/89] Đang xử lý: Tourism and Migration
[16:46:47] INFO: expected_words=21
[16:46:47] INFO: __NEXT_DATA__ cards=21
[16:46:47] SAVE: 48_tourism_and_migration.csv (21 từ)
[16:46:47] OK: Tourism and Migration -> 21 từ
[16:46:47] [49/89] Đang xử lý: Hobbies and Routines
[16:46:49] INFO: expected_words=20
[16:46:49] INFO: __NEXT_DATA__ cards=20
[16:46:49] SAVE: 49_hobbies_and_routines.csv (20 từ)
[16:46:49] OK: Hobbies and Routines -> 20 từ
[16:46:49] [50/89] Đang xử lý: Sports
[16:46:52] INFO: expected_words=28
[16:46:52] INFO: __NEXT_DATA__ cards=28
[16:46:52] SAVE: 50_sports.csv (28 từ)
[16:46:52] OK: Sports -> 28 từ
[16:46:52] [51/89] Đang xử lý: Arts
[16:46:55] INFO: expected_words=29
[16:46:55] INFO: __NEXT_DATA__ cards=29
[16:46:55] SAVE: 51_arts.csv (29 từ)
[16:46:55] OK: Arts -> 29 từ
[16:46:55] [52/89] Đang xử lý: Cinema and Theater
[16:46:58] INFO: expected_words=31
[16:46:58] INFO: __NEXT_DATA__ cards=31
[16:46:58] SAVE: 52_cinema_and_theater.csv (31 từ)
[16:46:58] OK: Cinema and Theater -> 31 từ
[16:46:58] [53/89] Đang xử lý: Literature
[16:47:00] INFO: expected_words=29
[16:47:00] INFO: __NEXT_DATA__ cards=29
[16:47:00] SAVE: 53_literature.csv (29 từ)
[16:47:00] OK: Literature -> 29 từ
[16:47:00] [54/89] Đang xử lý: Music
[16:47:03] INFO: expected_words=28
[16:47:03] INFO: __NEXT_DATA__ cards=28
[16:47:03] SAVE: 54_music.csv (28 từ)
[16:47:03] OK: Music -> 28 từ
[16:47:03] [55/89] Đang xử lý: Clothes and Fashion
[16:47:06] INFO: expected_words=29
[16:47:06] INFO: __NEXT_DATA__ cards=29
[16:47:06] SAVE: 55_clothes_and_fashion.csv (29 từ)
[16:47:06] OK: Clothes and Fashion -> 29 từ
[16:47:06] [56/89] Đang xử lý: Architecture
[16:47:08] INFO: expected_words=30
[16:47:08] INFO: __NEXT_DATA__ cards=30
[16:47:08] SAVE: 56_architecture.csv (30 từ)
[16:47:08] OK: Architecture -> 30 từ
[16:47:08] [57/89] Đang xử lý: History
[16:47:10] INFO: expected_words=15
[16:47:10] INFO: __NEXT_DATA__ cards=15
[16:47:10] SAVE: 57_history.csv (15 từ)
[16:47:10] OK: History -> 15 từ
[16:47:10] [58/89] Đang xử lý: Culture and Custom
[16:47:13] INFO: expected_words=22
[16:47:13] INFO: __NEXT_DATA__ cards=22
[16:47:13] SAVE: 58_culture_and_custom.csv (22 từ)
[16:47:13] OK: Culture and Custom -> 22 từ
[16:47:13] [59/89] Đang xử lý: Society
[16:47:16] INFO: expected_words=28
[16:47:16] INFO: __NEXT_DATA__ cards=28
[16:47:16] SAVE: 59_society.csv (28 từ)
[16:47:16] OK: Society -> 28 từ
[16:47:16] [60/89] Đang xử lý: Religion
[16:47:19] INFO: expected_words=28
[16:47:19] INFO: __NEXT_DATA__ cards=28
[16:47:19] SAVE: 60_religion.csv (28 từ)
[16:47:19] OK: Religion -> 28 từ
[16:47:19] [61/89] Đang xử lý: Philosophy
[16:47:22] INFO: expected_words=29
[16:47:22] INFO: __NEXT_DATA__ cards=29
[16:47:22] SAVE: 61_philosophy.csv (29 từ)
[16:47:22] OK: Philosophy -> 29 từ
[16:47:22] [62/89] Đang xử lý: Linguistics
[16:47:26] INFO: expected_words=29
[16:47:26] INFO: __NEXT_DATA__ cards=29
[16:47:26] SAVE: 62_linguistics.csv (29 từ)
[16:47:26] OK: Linguistics -> 29 từ
[16:47:26] [63/89] Đang xử lý: Politics
[16:47:29] INFO: expected_words=22
[16:47:29] INFO: __NEXT_DATA__ cards=22
[16:47:29] SAVE: 63_politics.csv (22 từ)
[16:47:29] OK: Politics -> 22 từ
[16:47:29] [64/89] Đang xử lý: Law
[16:47:34] INFO: expected_words=30
[16:47:34] INFO: __NEXT_DATA__ cards=30
[16:47:34] SAVE: 64_law.csv (30 từ)
[16:47:34] OK: Law -> 30 từ
[16:47:34] [65/89] Đang xử lý: Crime
[16:47:37] INFO: expected_words=28
[16:47:37] INFO: __NEXT_DATA__ cards=28
[16:47:37] SAVE: 65_crime.csv (28 từ)
[16:47:37] OK: Crime -> 28 từ
[16:47:37] [66/89] Đang xử lý: Punishment
[16:47:40] INFO: expected_words=17
[16:47:40] INFO: __NEXT_DATA__ cards=17
[16:47:40] SAVE: 66_punishment.csv (17 từ)
[16:47:40] OK: Punishment -> 17 từ
[16:47:40] [67/89] Đang xử lý: War and Army
[16:47:43] INFO: expected_words=31
[16:47:43] INFO: __NEXT_DATA__ cards=31
[16:47:43] SAVE: 67_war_and_army.csv (31 từ)
[16:47:43] OK: War and Army -> 31 từ
[16:47:43] [68/89] Đang xử lý: Government
[16:47:45] INFO: expected_words=19
[16:47:45] INFO: __NEXT_DATA__ cards=19
[16:47:45] SAVE: 68_government.csv (19 từ)
[16:47:45] OK: Government -> 19 từ
[16:47:45] [69/89] Đang xử lý: Education
[16:47:48] INFO: expected_words=23
[16:47:48] INFO: __NEXT_DATA__ cards=23
[16:47:48] SAVE: 69_education.csv (23 từ)
[16:47:48] OK: Education -> 23 từ
[16:47:48] [70/89] Đang xử lý: Media
[16:47:51] INFO: expected_words=28
[16:47:51] INFO: __NEXT_DATA__ cards=28
[16:47:51] SAVE: 70_media.csv (28 từ)
[16:47:51] OK: Media -> 28 từ
[16:47:51] [71/89] Đang xử lý: Technology and Internet
[16:47:53] INFO: expected_words=23
[16:47:53] INFO: __NEXT_DATA__ cards=23
[16:47:53] SAVE: 71_technology_and_internet.csv (23 từ)
[16:47:53] OK: Technology and Internet -> 23 từ
[16:47:53] [72/89] Đang xử lý: Marketing and Advertisement
[16:47:56] INFO: expected_words=25
[16:47:56] INFO: __NEXT_DATA__ cards=25
[16:47:56] SAVE: 72_marketing_and_advertisement.csv (25 từ)
[16:47:56] OK: Marketing and Advertisement -> 25 từ
[16:47:56] [73/89] Đang xử lý: Shopping
[16:47:59] INFO: expected_words=24
[16:47:59] INFO: __NEXT_DATA__ cards=24
[16:47:59] SAVE: 73_shopping.csv (24 từ)
[16:47:59] OK: Shopping -> 24 từ
[16:47:59] [74/89] Đang xử lý: Business and Management
[16:48:02] INFO: expected_words=26
[16:48:02] INFO: __NEXT_DATA__ cards=26
[16:48:02] SAVE: 74_business_and_management.csv (26 từ)
[16:48:02] OK: Business and Management -> 26 từ
[16:48:02] [75/89] Đang xử lý: Finance
[16:48:04] INFO: expected_words=25
[16:48:05] INFO: __NEXT_DATA__ cards=25
[16:48:05] SAVE: 75_finance.csv (25 từ)
[16:48:05] OK: Finance -> 25 từ
[16:48:05] [76/89] Đang xử lý: Scientific Fields and Studies
[16:48:06] INFO: expected_words=30
[16:48:06] INFO: __NEXT_DATA__ cards=30
[16:48:06] SAVE: 76_scientific_fields_and_studies.csv (30 từ)
[16:48:06] OK: Scientific Fields and Studies -> 30 từ
[16:48:06] [77/89] Đang xử lý: Medicine
[16:48:10] INFO: expected_words=26
[16:48:10] INFO: __NEXT_DATA__ cards=26
[16:48:10] SAVE: 77_medicine.csv (26 từ)
[16:48:10] OK: Medicine -> 26 từ
[16:48:10] [78/89] Đang xử lý: Health Condition
[16:48:13] INFO: expected_words=30
[16:48:13] INFO: __NEXT_DATA__ cards=30
[16:48:13] SAVE: 78_health_condition.csv (30 từ)
[16:48:13] OK: Health Condition -> 30 từ
[16:48:13] [79/89] Đang xử lý: Recovery and Treatment
[16:48:16] INFO: expected_words=29
[16:48:16] INFO: __NEXT_DATA__ cards=29
[16:48:16] SAVE: 79_recovery_and_treatment.csv (29 từ)
[16:48:16] OK: Recovery and Treatment -> 29 từ
[16:48:16] [80/89] Đang xử lý: Human Body
[16:48:20] INFO: expected_words=30
[16:48:20] INFO: __NEXT_DATA__ cards=30
[16:48:20] SAVE: 80_human_body.csv (30 từ)
[16:48:20] OK: Human Body -> 30 từ
[16:48:20] [81/89] Đang xử lý: Psychology
[16:48:26] INFO: expected_words=25
[16:48:26] INFO: __NEXT_DATA__ cards=25
[16:48:26] SAVE: 81_psychology.csv (25 từ)
[16:48:26] OK: Psychology -> 25 từ
[16:48:26] [82/89] Đang xử lý: Biology
[16:48:30] INFO: expected_words=29
[16:48:30] INFO: __NEXT_DATA__ cards=29
[16:48:30] SAVE: 82_biology.csv (29 từ)
[16:48:30] OK: Biology -> 29 từ
[16:48:30] [83/89] Đang xử lý: Chemistry
[16:48:33] INFO: expected_words=31
[16:48:33] INFO: __NEXT_DATA__ cards=31
[16:48:33] SAVE: 83_chemistry.csv (31 từ)
[16:48:33] OK: Chemistry -> 31 từ
[16:48:33] [84/89] Đang xử lý: Physics
[16:48:37] INFO: expected_words=32
[16:48:37] INFO: __NEXT_DATA__ cards=32
[16:48:37] SAVE: 84_physics.csv (32 từ)
[16:48:37] OK: Physics -> 32 từ
[16:48:37] [85/89] Đang xử lý: Astronomy
[16:48:39] INFO: expected_words=25
[16:48:39] INFO: __NEXT_DATA__ cards=25
[16:48:39] SAVE: 85_astronomy.csv (25 từ)
[16:48:39] OK: Astronomy -> 25 từ
[16:48:39] [86/89] Đang xử lý: Mathematics
[16:48:42] INFO: expected_words=18
[16:48:42] INFO: __NEXT_DATA__ cards=18
[16:48:42] SAVE: 86_mathematics.csv (18 từ)
[16:48:42] OK: Mathematics -> 18 từ
[16:48:42] [87/89] Đang xử lý: Geology
[16:48:45] INFO: expected_words=28
[16:48:45] INFO: __NEXT_DATA__ cards=28
[16:48:45] SAVE: 87_geology.csv (28 từ)
[16:48:45] OK: Geology -> 28 từ
[16:48:45] [88/89] Đang xử lý: Engineering
[16:48:49] INFO: expected_words=21
[16:48:49] INFO: __NEXT_DATA__ cards=21
[16:48:49] SAVE: 88_engineering.csv (21 từ)
[16:48:49] OK: Engineering -> 21 từ
[16:48:49] [89/89] Đang xử lý: Measurement
[16:48:52] INFO: expected_words=18
[16:48:52] INFO: __NEXT_DATA__ cards=18
[16:48:52] SAVE: 89_measurement.csv (18 từ)
[16:48:52] OK: Measurement -> 18 từ
[16:48:54] Hoàn tất: 89 topic, 2152 từ
[16:49:10] INFO: CSV Viewer tải 2152 dòng từ all_vocabulary.csv
