[16:39:29] INFO: Thread crawler đã khởi động
[16:39:29] INFO: Config headless=True, resume=True, phonetic=True, example=True, note_all=False, output=E:\code\Money\Seledium\output
[16:39:29] Bắt đầu phiên cào dữ liệu...
[16:39:29] Không thấy chromedriver local, Selenium Manager sẽ tự xử lý (có thể chậm nếu mạng yếu).
[16:39:29] Đang khởi tạo ChromeDriver...
[16:39:31] Khởi tạo ChromeDriver thành công.
[16:39:35] Đã mở trang gốc: https://langeek.co/en/vocab/category/35/c1-level
[16:39:35] Tìm thấy 67 chủ đề cần xử lý
[16:39:35] [1/67] Đang xử lý: Animals
[16:39:40] INFO: expected_words=35
[16:39:40] INFO: __NEXT_DATA__ cards=35
[16:39:40] SAVE: 01_animals.csv (35 từ)
[16:39:40] OK: Animals -> 35 từ
[16:39:40] [2/67] Đang xử lý: Appearance
[16:39:44] INFO: expected_words=35
[16:39:44] INFO: __NEXT_DATA__ cards=35
[16:39:44] SAVE: 02_appearance.csv (35 từ)
[16:39:44] OK: Appearance -> 35 từ
[16:39:44] [3/67] Đang xử lý: Digital Communication
[16:39:47] INFO: expected_words=32
[16:39:47] INFO: __NEXT_DATA__ cards=32
[16:39:47] SAVE: 03_digital_communication.csv (32 từ)
[16:39:47] OK: Digital Communication -> 32 từ
[16:39:47] [4/67] Đang xử lý: Movies
[16:39:50] INFO: expected_words=34
[16:39:50] INFO: __NEXT_DATA__ cards=34
[16:39:50] SAVE: 04_movies.csv (34 từ)
[16:39:50] OK: Movies -> 34 từ
[16:39:50] [5/67] Đang xử lý: Foods and Ingredients
[16:39:53] INFO: expected_words=34
[16:39:53] INFO: __NEXT_DATA__ cards=34
[16:39:53] SAVE: 05_foods_and_ingredients.csv (34 từ)
[16:39:53] OK: Foods and Ingredients -> 34 từ
[16:39:53] [6/67] Đang xử lý: Advice and Suggestion
[16:39:56] INFO: expected_words=33
[16:39:56] INFO: __NEXT_DATA__ cards=33
[16:39:56] SAVE: 06_advice_and_suggestion.csv (33 từ)
[16:39:56] OK: Advice and Suggestion -> 33 từ
[16:39:56] [7/67] Đang xử lý: The Human Anatomy
[16:40:00] INFO: expected_words=37
[16:40:00] INFO: __NEXT_DATA__ cards=37
[16:40:00] SAVE: 07_the_human_anatomy.csv (37 từ)
[16:40:00] OK: The Human Anatomy -> 37 từ
[16:40:00] [8/67] Đang xử lý: Buildings and Construction
[16:40:03] INFO: expected_words=44
[16:40:03] INFO: __NEXT_DATA__ cards=44
[16:40:03] SAVE: 08_buildings_and_construction.csv (44 từ)
[16:40:03] OK: Buildings and Construction -> 44 từ
[16:40:03] [9/67] Đang xử lý: Human Attributes
[16:40:07] INFO: expected_words=46
[16:40:07] INFO: __NEXT_DATA__ cards=46
[16:40:07] SAVE: 09_human_attributes.csv (46 từ)
[16:40:07] OK: Human Attributes -> 46 từ
[16:40:07] [10/67] Đang xử lý: Time
[16:40:11] INFO: expected_words=43
[16:40:11] INFO: __NEXT_DATA__ cards=43
[16:40:11] SAVE: 10_time.csv (43 từ)
[16:40:11] OK: Time -> 43 từ
[16:40:11] [11/67] Đang xử lý: Fundamental Verbs
[16:40:15] INFO: expected_words=39
[16:40:15] INFO: __NEXT_DATA__ cards=39
[16:40:15] SAVE: 11_fundamental_verbs.csv (39 từ)
[16:40:15] OK: Fundamental Verbs -> 39 từ
[16:40:15] [12/67] Đang xử lý: Shapes and Colors
[16:40:18] INFO: expected_words=38
[16:40:18] INFO: __NEXT_DATA__ cards=38
[16:40:18] SAVE: 12_shapes_and_colors.csv (38 từ)
[16:40:18] OK: Shapes and Colors -> 38 từ
[16:40:18] [13/67] Đang xử lý: Computer Science
[16:40:22] INFO: expected_words=42
[16:40:22] INFO: __NEXT_DATA__ cards=42
[16:40:22] SAVE: 13_computer_science.csv (42 từ)
[16:40:22] OK: Computer Science -> 42 từ
[16:40:22] [14/67] Đang xử lý: Bonds and Relationships
[16:40:26] INFO: expected_words=35
[16:40:26] INFO: __NEXT_DATA__ cards=35
[16:40:26] SAVE: 14_bonds_and_relationships.csv (35 từ)
[16:40:26] OK: Bonds and Relationships -> 35 từ
[16:40:26] [15/67] Đang xử lý: Fashion and Attire
[16:40:29] INFO: expected_words=37
[16:40:29] INFO: __NEXT_DATA__ cards=37
[16:40:29] SAVE: 15_fashion_and_attire.csv (37 từ)
[16:40:29] OK: Fashion and Attire -> 37 từ
[16:40:29] [16/67] Đang xử lý: Writing and Narrative
[16:40:32] INFO: expected_words=36
[16:40:32] INFO: __NEXT_DATA__ cards=36
[16:40:32] SAVE: 16_writing_and_narrative.csv (36 từ)
[16:40:32] OK: Writing and Narrative -> 36 từ
[16:40:32] [17/67] Đang xử lý: Language Components
[16:40:35] INFO: expected_words=30
[16:40:35] INFO: __NEXT_DATA__ cards=30
[16:40:35] SAVE: 17_language_components.csv (30 từ)
[16:40:35] OK: Language Components -> 30 từ
[16:40:35] [18/67] Đang xử lý: News and Network
[16:40:38] INFO: expected_words=37
[16:40:38] INFO: __NEXT_DATA__ cards=37
[16:40:38] SAVE: 18_news_and_network.csv (37 từ)
[16:40:38] OK: News and Network -> 37 từ
[16:40:38] [19/67] Đang xử lý: Weather Conditions
[16:40:41] INFO: expected_words=36
[16:40:41] INFO: __NEXT_DATA__ cards=36
[16:40:41] SAVE: 19_weather_conditions.csv (36 từ)
[16:40:41] OK: Weather Conditions -> 36 từ
[16:40:41] [20/67] Đang xử lý: Shopping
[16:40:44] INFO: expected_words=34
[16:40:44] INFO: __NEXT_DATA__ cards=34
[16:40:44] SAVE: 20_shopping.csv (34 từ)
[16:40:44] OK: Shopping -> 34 từ
[16:40:44] [21/67] Đang xử lý: Education
[16:40:47] INFO: expected_words=35
[16:40:47] INFO: __NEXT_DATA__ cards=35
[16:40:47] SAVE: 21_education.csv (35 từ)
[16:40:47] OK: Education -> 35 từ
[16:40:47] [22/67] Đang xử lý: Integral Verbs
[16:40:51] INFO: expected_words=40
[16:40:51] INFO: __NEXT_DATA__ cards=40
[16:40:51] SAVE: 22_integral_verbs.csv (40 từ)
[16:40:51] OK: Integral Verbs -> 40 từ
[16:40:51] [23/67] Đang xử lý: Business and Management
[16:40:54] INFO: expected_words=34
[16:40:54] INFO: __NEXT_DATA__ cards=34
[16:40:54] SAVE: 23_business_and_management.csv (34 từ)
[16:40:54] OK: Business and Management -> 34 từ
[16:40:54] [24/67] Đang xử lý: Achievement and Progress
[16:40:57] INFO: expected_words=35
[16:40:57] INFO: __NEXT_DATA__ cards=35
[16:40:57] SAVE: 24_achievement_and_progress.csv (35 từ)
[16:40:57] OK: Achievement and Progress -> 35 từ
[16:40:57] [25/67] Đang xử lý: Agreement and Disagreement
[16:41:01] INFO: expected_words=36
[16:41:01] INFO: __NEXT_DATA__ cards=36
[16:41:01] SAVE: 25_agreement_and_disagreement.csv (36 từ)
[16:41:01] OK: Agreement and Disagreement -> 36 từ
[16:41:01] [26/67] Đang xử lý: Personal Traits
[16:41:04] INFO: expected_words=43
[16:41:04] INFO: __NEXT_DATA__ cards=43
[16:41:04] SAVE: 26_personal_traits.csv (43 từ)
[16:41:04] OK: Personal Traits -> 43 từ
[16:41:04] [27/67] Đang xử lý: Music
[16:41:08] INFO: expected_words=36
[16:41:08] INFO: __NEXT_DATA__ cards=36
[16:41:08] SAVE: 27_music.csv (36 từ)
[16:41:08] OK: Music -> 36 từ
[16:41:08] [28/67] Đang xử lý: Law and Order
[16:41:12] INFO: expected_words=47
[16:41:12] INFO: __NEXT_DATA__ cards=47
[16:41:12] SAVE: 28_law_and_order.csv (47 từ)
[16:41:12] OK: Law and Order -> 47 từ
[16:41:12] [29/67] Đang xử lý: The Environment
[16:41:15] INFO: expected_words=34
[16:41:15] INFO: __NEXT_DATA__ cards=34
[16:41:15] SAVE: 29_the_environment.csv (34 từ)
[16:41:15] OK: The Environment -> 34 từ
[16:41:15] [30/67] Đang xử lý: Sickness
[16:41:19] INFO: expected_words=42
[16:41:19] INFO: __NEXT_DATA__ cards=42
[16:41:19] SAVE: 30_sickness.csv (42 từ)
[16:41:19] OK: Sickness -> 42 từ
[16:41:19] [31/67] Đang xử lý: Struggles and Setbacks
[16:41:23] INFO: expected_words=36
[16:41:23] INFO: __NEXT_DATA__ cards=36
[16:41:23] SAVE: 31_struggles_and_setbacks.csv (36 từ)
[16:41:23] OK: Struggles and Setbacks -> 36 từ
[16:41:23] [32/67] Đang xử lý: Politics
[16:41:27] INFO: expected_words=44
[16:41:27] INFO: __NEXT_DATA__ cards=44
[16:41:27] SAVE: 32_politics.csv (44 từ)
[16:41:27] OK: Politics -> 44 từ
[16:41:27] [33/67] Đang xử lý: Essential Verbs
[16:41:31] INFO: expected_words=38
[16:41:31] INFO: __NEXT_DATA__ cards=38
[16:41:31] SAVE: 33_essential_verbs.csv (38 từ)
[16:41:31] OK: Essential Verbs -> 38 từ
[16:41:31] [34/67] Đang xử lý: Feelings
[16:41:35] INFO: expected_words=41
[16:41:35] INFO: __NEXT_DATA__ cards=41
[16:41:35] SAVE: 34_feelings.csv (41 từ)
[16:41:35] OK: Feelings -> 41 từ
[16:41:35] [35/67] Đang xử lý: Science
[16:41:39] INFO: expected_words=43
[16:41:39] INFO: __NEXT_DATA__ cards=43
[16:41:39] SAVE: 35_science.csv (43 từ)
[16:41:39] OK: Science -> 43 từ
[16:41:39] [36/67] Đang xử lý: Transportation
[16:41:42] INFO: expected_words=31
[16:41:42] INFO: __NEXT_DATA__ cards=31
[16:41:42] SAVE: 36_transportation.csv (31 từ)
[16:41:42] OK: Transportation -> 31 từ
[16:41:42] [37/67] Đang xử lý: Stationery and Office Supplies
[16:41:45] INFO: expected_words=32
[16:41:45] INFO: __NEXT_DATA__ cards=32
[16:41:45] SAVE: 37_stationery_and_office_supplies.csv (32 từ)
[16:41:45] OK: Stationery and Office Supplies -> 32 từ
[16:41:45] [38/67] Đang xử lý: Working Life
[16:41:49] INFO: expected_words=36
[16:41:49] INFO: __NEXT_DATA__ cards=36
[16:41:49] SAVE: 38_working_life.csv (36 từ)
[16:41:49] OK: Working Life -> 36 từ
[16:41:49] [39/67] Đang xử lý: Dialogue and Discourse
[16:41:53] INFO: expected_words=38
[16:41:53] INFO: __NEXT_DATA__ cards=38
[16:41:53] SAVE: 39_dialogue_and_discourse.csv (38 từ)
[16:41:53] OK: Dialogue and Discourse -> 38 từ
[16:41:53] [40/67] Đang xử lý: Hobbies and Activities
[16:41:56] INFO: expected_words=30
[16:41:56] INFO: __NEXT_DATA__ cards=30
[16:41:56] SAVE: 40_hobbies_and_activities.csv (30 từ)
[16:41:56] OK: Hobbies and Activities -> 30 từ
[16:41:56] [41/67] Đang xử lý: Identity and Society
[16:41:59] INFO: expected_words=38
[16:41:59] INFO: __NEXT_DATA__ cards=38
[16:41:59] SAVE: 41_identity_and_society.csv (38 từ)
[16:41:59] OK: Identity and Society -> 38 từ
[16:41:59] [42/67] Đang xử lý: Religion
[16:42:03] INFO: expected_words=40
[16:42:03] INFO: __NEXT_DATA__ cards=40
[16:42:03] SAVE: 42_religion.csv (40 từ)
[16:42:03] OK: Religion -> 40 từ
[16:42:03] [43/67] Đang xử lý: Dishes and Dinning
[16:42:06] INFO: expected_words=33
[16:42:06] INFO: __NEXT_DATA__ cards=33
[16:42:06] SAVE: 43_dishes_and_dinning.csv (33 từ)
[16:42:06] OK: Dishes and Dinning -> 33 từ
[16:42:06] [44/67] Đang xử lý: Vital Verbs
[16:42:10] INFO: expected_words=40
[16:42:10] INFO: __NEXT_DATA__ cards=40
[16:42:10] SAVE: 44_vital_verbs.csv (40 từ)
[16:42:10] OK: Vital Verbs -> 40 từ
[16:42:10] [45/67] Đang xử lý: Adjectives
[16:42:14] INFO: expected_words=43
[16:42:14] INFO: __NEXT_DATA__ cards=43
[16:42:14] SAVE: 45_adjectives.csv (43 từ)
[16:42:14] OK: Adjectives -> 43 từ
[16:42:14] [46/67] Đang xử lý: Permission or Obligation
[16:42:18] INFO: expected_words=34
[16:42:18] INFO: __NEXT_DATA__ cards=34
[16:42:18] SAVE: 46_permission_or_obligation.csv (34 từ)
[16:42:18] OK: Permission or Obligation -> 34 từ
[16:42:18] [47/67] Đang xử lý: Job Titles
[16:42:21] INFO: expected_words=31
[16:42:21] INFO: __NEXT_DATA__ cards=31
[16:42:21] SAVE: 47_job_titles.csv (31 từ)
[16:42:21] OK: Job Titles -> 31 từ
[16:42:21] [48/67] Đang xử lý: Scholarly Research
[16:42:24] INFO: expected_words=30
[16:42:24] INFO: __NEXT_DATA__ cards=30
[16:42:24] SAVE: 48_scholarly_research.csv (30 từ)
[16:42:24] OK: Scholarly Research -> 30 từ
[16:42:24] [49/67] Đang xử lý: Geography
[16:42:27] INFO: expected_words=37
[16:42:27] INFO: __NEXT_DATA__ cards=37
[16:42:27] SAVE: 49_geography.csv (37 từ)
[16:42:27] OK: Geography -> 37 từ
[16:42:27] [50/67] Đang xử lý: Cooking
[16:42:30] INFO: expected_words=32
[16:42:30] INFO: __NEXT_DATA__ cards=32
[16:42:30] SAVE: 50_cooking.csv (32 từ)
[16:42:30] OK: Cooking -> 32 từ
[16:42:30] [51/67] Đang xử lý: Military
[16:42:34] INFO: expected_words=55
[16:42:34] INFO: __NEXT_DATA__ cards=55
[16:42:34] SAVE: 51_military.csv (55 từ)
[16:42:34] OK: Military -> 55 từ
[16:42:34] [52/67] Đang xử lý: Persuasion and Discourse
[16:42:38] INFO: expected_words=43
[16:42:38] INFO: __NEXT_DATA__ cards=43
[16:42:38] SAVE: 52_persuasion_and_discourse.csv (43 từ)
[16:42:38] OK: Persuasion and Discourse -> 43 từ
[16:42:38] [53/67] Đang xử lý: Plants and Vegetation
[16:42:42] INFO: expected_words=31
[16:42:42] INFO: __NEXT_DATA__ cards=31
[16:42:42] SAVE: 53_plants_and_vegetation.csv (31 từ)
[16:42:42] OK: Plants and Vegetation -> 31 từ
[16:42:42] [54/67] Đang xử lý: Art
[16:42:46] INFO: expected_words=32
[16:42:46] INFO: __NEXT_DATA__ cards=32
[16:42:46] SAVE: 54_art.csv (32 từ)
[16:42:46] OK: Art -> 32 từ
[16:42:46] [55/67] Đang xử lý: Crucial Verbs
[16:42:51] INFO: expected_words=36
[16:42:51] INFO: __NEXT_DATA__ cards=36
[16:42:51] SAVE: 55_crucial_verbs.csv (36 từ)
[16:42:51] OK: Crucial Verbs -> 36 từ
[16:42:51] [56/67] Đang xử lý: Trust and Uncertainty
[16:42:55] INFO: expected_words=33
[16:42:55] INFO: __NEXT_DATA__ cards=33
[16:42:55] SAVE: 56_trust_and_uncertainty.csv (33 từ)
[16:42:55] OK: Trust and Uncertainty -> 33 từ
[16:42:55] [57/67] Đang xử lý: Health
[16:42:59] INFO: expected_words=37
[16:42:59] INFO: __NEXT_DATA__ cards=37
[16:42:59] SAVE: 57_health.csv (37 từ)
[16:42:59] OK: Health -> 37 từ
[16:42:59] [58/67] Đang xử lý: Decisions and Accountability
[16:43:02] INFO: expected_words=34
[16:43:02] INFO: __NEXT_DATA__ cards=34
[16:43:02] SAVE: 58_decisions_and_accountability.csv (34 từ)
[16:43:02] OK: Decisions and Accountability -> 34 từ
[16:43:02] [59/67] Đang xử lý: Risks
[16:43:05] INFO: expected_words=32
[16:43:05] INFO: __NEXT_DATA__ cards=32
[16:43:05] SAVE: 59_risks.csv (32 từ)
[16:43:05] OK: Risks -> 32 từ
[16:43:05] [60/67] Đang xử lý: Money and Finance
[16:43:09] INFO: expected_words=39
[16:43:09] INFO: __NEXT_DATA__ cards=39
[16:43:09] SAVE: 60_money_and_finance.csv (39 từ)
[16:43:09] OK: Money and Finance -> 39 từ
[16:43:09] [61/67] Đang xử lý: Changes and Impacts
[16:43:12] INFO: expected_words=38
[16:43:12] INFO: __NEXT_DATA__ cards=38
[16:43:12] SAVE: 61_changes_and_impacts.csv (38 từ)
[16:43:12] OK: Changes and Impacts -> 38 từ
[16:43:12] [62/67] Đang xử lý: Astronomy
[16:43:15] INFO: expected_words=30
[16:43:15] INFO: __NEXT_DATA__ cards=30
[16:43:15] SAVE: 62_astronomy.csv (30 từ)
[16:43:15] OK: Astronomy -> 30 từ
[16:43:15] [63/67] Đang xử lý: Law and Criminality
[16:43:20] INFO: expected_words=50
[16:43:20] INFO: __NEXT_DATA__ cards=50
[16:43:20] SAVE: 63_law_and_criminality.csv (50 từ)
[16:43:20] OK: Law and Criminality -> 50 từ
[16:43:20] [64/67] Đang xử lý: Mathematics
[16:43:23] INFO: expected_words=35
[16:43:23] INFO: __NEXT_DATA__ cards=35
[16:43:23] SAVE: 64_mathematics.csv (35 từ)
[16:43:23] OK: Mathematics -> 35 từ
[16:43:23] [65/67] Đang xử lý: Adverbs
[16:43:26] INFO: expected_words=36
[16:43:26] INFO: __NEXT_DATA__ cards=36
[16:43:26] SAVE: 65_adverbs.csv (36 từ)
[16:43:26] OK: Adverbs -> 36 từ
[16:43:26] [66/67] Đang xử lý: Travel
[16:43:30] INFO: expected_words=31
[16:43:30] INFO: __NEXT_DATA__ cards=31
[16:43:30] SAVE: 66_travel.csv (31 từ)
[16:43:30] OK: Travel -> 31 từ
[16:43:30] [67/67] Đang xử lý: History and Artifacts
[16:43:33] INFO: expected_words=43
[16:43:33] INFO: __NEXT_DATA__ cards=43
[16:43:33] SAVE: 67_history_and_artifacts.csv (43 từ)
[16:43:33] OK: History and Artifacts -> 43 từ
[16:43:36] Hoàn tất: 67 topic, 2481 từ
[16:43:53] INFO: CSV Viewer tải 2481 dòng từ all_vocabulary.csv
