[16:17:53] INFO: Thread crawler đã khởi động
[16:17:53] INFO: Config headless=True, resume=True, phonetic=True, example=True, note_all=False, output=E:\code\Money\Seledium\output
[16:17:53] Bắt đầu phiên cào dữ liệu...
[16:17:53] Không thấy chromedriver local, Selenium Manager sẽ tự xử lý (có thể chậm nếu mạng yếu).
[16:17:53] Đang khởi tạo ChromeDriver...
[16:18:11] Khởi tạo ChromeDriver thành công.
[16:18:21] Đã mở trang gốc: https://langeek.co/en/vocab/category/7/b1-level
[16:18:21] Tìm thấy 58 chủ đề cần xử lý
[16:18:21] [1/58] Đang xử lý: Family and Relationships
[16:18:28] INFO: expected_words=32
[16:18:28] INFO: __NEXT_DATA__ cards=32
[16:18:28] SAVE: 01_family_and_relationships.csv (32 từ)
[16:18:28] OK: Family and Relationships -> 32 từ
[16:18:28] [2/58] Đang xử lý: The Animal Kingdom
[16:18:31] INFO: expected_words=36
[16:18:31] INFO: __NEXT_DATA__ cards=36
[16:18:31] SAVE: 02_the_animal_kingdom.csv (36 từ)
[16:18:31] OK: The Animal Kingdom -> 36 từ
[16:18:31] [3/58] Đang xử lý: Houses and Buildings
[16:18:34] INFO: expected_words=27
[16:18:34] INFO: __NEXT_DATA__ cards=27
[16:18:34] SAVE: 03_houses_and_buildings.csv (27 từ)
[16:18:34] OK: Houses and Buildings -> 27 từ
[16:18:34] [4/58] Đang xử lý: Business and Workplace
[16:18:36] INFO: expected_words=41
[16:18:36] INFO: __NEXT_DATA__ cards=41
[16:18:36] SAVE: 04_business_and_workplace.csv (41 từ)
[16:18:36] OK: Business and Workplace -> 41 từ
[16:18:36] [5/58] Đang xử lý: Occupations
[16:18:39] INFO: expected_words=33
[16:18:39] INFO: __NEXT_DATA__ cards=33
[16:18:39] SAVE: 05_occupations.csv (33 từ)
[16:18:39] OK: Occupations -> 33 từ
[16:18:39] [6/58] Đang xử lý: Music
[16:18:42] INFO: expected_words=28
[16:18:42] INFO: __NEXT_DATA__ cards=28
[16:18:42] SAVE: 06_music.csv (28 từ)
[16:18:42] OK: Music -> 28 từ
[16:18:42] [7/58] Đang xử lý: Meat and Dairy
[16:18:45] INFO: expected_words=29
[16:18:45] INFO: __NEXT_DATA__ cards=29
[16:18:45] SAVE: 07_meat_and_dairy.csv (29 từ)
[16:18:45] OK: Meat and Dairy -> 29 từ
[16:18:45] [8/58] Đang xử lý: Fruits and Nuts
[16:18:49] INFO: expected_words=25
[16:18:49] INFO: __NEXT_DATA__ cards=25
[16:18:49] SAVE: 08_fruits_and_nuts.csv (25 từ)
[16:18:49] OK: Fruits and Nuts -> 25 từ
[16:18:49] [9/58] Đang xử lý: Drinks
[16:18:54] INFO: expected_words=28
[16:18:54] INFO: __NEXT_DATA__ cards=28
[16:18:54] SAVE: 09_drinks.csv (28 từ)
[16:18:54] OK: Drinks -> 28 từ
[16:18:54] [10/58] Đang xử lý: Human Characteristics
[16:19:02] INFO: expected_words=30
[16:19:02] INFO: __NEXT_DATA__ cards=30
[16:19:02] SAVE: 10_human_characteristics.csv (30 từ)
[16:19:02] OK: Human Characteristics -> 30 từ
[16:19:02] [11/58] Đang xử lý: Adverbs and Prepositions
[16:19:09] INFO: expected_words=38
[16:19:09] INFO: __NEXT_DATA__ cards=38
[16:19:09] SAVE: 11_adverbs_and_prepositions.csv (38 từ)
[16:19:09] OK: Adverbs and Prepositions -> 38 từ
[16:19:09] [12/58] Đang xử lý: Education
[16:19:16] INFO: expected_words=32
[16:19:16] INFO: __NEXT_DATA__ cards=32
[16:19:16] SAVE: 12_education.csv (32 từ)
[16:19:16] OK: Education -> 32 từ
[16:19:16] [13/58] Đang xử lý: Money and Shopping
[16:19:22] INFO: expected_words=39
[16:19:22] INFO: __NEXT_DATA__ cards=39
[16:19:22] SAVE: 13_money_and_shopping.csv (39 từ)
[16:19:22] OK: Money and Shopping -> 39 từ
[16:19:22] [14/58] Đang xử lý: Fashion
[16:19:28] INFO: expected_words=30
[16:19:28] INFO: __NEXT_DATA__ cards=30
[16:19:28] SAVE: 14_fashion.csv (30 từ)
[16:19:28] OK: Fashion -> 30 từ
[16:19:28] [15/58] Đang xử lý: Sports and Players
[16:19:31] INFO: expected_words=36
[16:19:31] INFO: __NEXT_DATA__ cards=36
[16:19:31] SAVE: 15_sports_and_players.csv (36 từ)
[16:19:31] OK: Sports and Players -> 36 từ
[16:19:31] [16/58] Đang xử lý: Transportation
[16:19:33] INFO: expected_words=32
[16:19:33] INFO: __NEXT_DATA__ cards=32
[16:19:33] SAVE: 16_transportation.csv (32 từ)
[16:19:33] OK: Transportation -> 32 từ
[16:19:33] [17/58] Đang xử lý: The Weather
[16:19:36] INFO: expected_words=34
[16:19:36] INFO: __NEXT_DATA__ cards=34
[16:19:36] SAVE: 17_the_weather.csv (34 từ)
[16:19:36] OK: The Weather -> 34 từ
[16:19:36] [18/58] Đang xử lý: Appearance
[16:19:38] INFO: expected_words=31
[16:19:38] INFO: __NEXT_DATA__ cards=31
[16:19:38] SAVE: 18_appearance.csv (31 từ)
[16:19:38] OK: Appearance -> 31 từ
[16:19:38] [19/58] Đang xử lý: Time
[16:19:41] INFO: expected_words=40
[16:19:41] INFO: __NEXT_DATA__ cards=40
[16:19:41] SAVE: 19_time.csv (40 từ)
[16:19:41] OK: Time -> 40 từ
[16:19:41] [20/58] Đang xử lý: The Human Body
[16:19:43] INFO: expected_words=27
[16:19:43] INFO: __NEXT_DATA__ cards=27
[16:19:43] SAVE: 20_the_human_body.csv (27 từ)
[16:19:43] OK: The Human Body -> 27 từ
[16:19:43] [21/58] Đang xử lý: Games and Toys
[16:19:44] INFO: expected_words=30
[16:19:44] INFO: __NEXT_DATA__ cards=30
[16:19:44] SAVE: 21_games_and_toys.csv (30 từ)
[16:19:44] OK: Games and Toys -> 30 từ
[16:19:44] [22/58] Đang xử lý: Computer
[16:19:48] INFO: expected_words=29
[16:19:48] INFO: __NEXT_DATA__ cards=29
[16:19:48] SAVE: 22_computer.csv (29 từ)
[16:19:48] OK: Computer -> 29 từ
[16:19:48] [23/58] Đang xử lý: Health and Sickness
[16:19:49] INFO: expected_words=38
[16:19:49] INFO: __NEXT_DATA__ cards=38
[16:19:49] SAVE: 23_health_and_sickness.csv (38 từ)
[16:19:49] OK: Health and Sickness -> 38 từ
[16:19:49] [24/58] Đang xử lý: Nature and Regions
[16:19:51] INFO: expected_words=25
[16:19:51] INFO: __NEXT_DATA__ cards=25
[16:19:51] SAVE: 24_nature_and_regions.csv (25 từ)
[16:19:51] OK: Nature and Regions -> 25 từ
[16:19:51] [25/58] Đang xử lý: City and the Countryside
[16:19:54] INFO: expected_words=33
[16:19:54] INFO: __NEXT_DATA__ cards=33
[16:19:54] SAVE: 25_city_and_the_countryside.csv (33 từ)
[16:19:54] OK: City and the Countryside -> 33 từ
[16:19:54] [26/58] Đang xử lý: Religion and Festivals
[16:19:57] INFO: expected_words=34
[16:19:57] INFO: __NEXT_DATA__ cards=34
[16:19:57] SAVE: 26_religion_and_festivals.csv (34 từ)
[16:19:57] OK: Religion and Festivals -> 34 từ
[16:19:57] [27/58] Đang xử lý: Special Occasions
[16:20:01] INFO: expected_words=23
[16:20:01] INFO: __NEXT_DATA__ cards=23
[16:20:01] SAVE: 27_special_occasions.csv (23 từ)
[16:20:01] OK: Special Occasions -> 23 từ
[16:20:01] [28/58] Đang xử lý: War and Peace
[16:20:02] INFO: expected_words=43
[16:20:02] INFO: __NEXT_DATA__ cards=43
[16:20:02] SAVE: 28_war_and_peace.csv (43 từ)
[16:20:02] OK: War and Peace -> 43 từ
[16:20:02] [29/58] Đang xử lý: Quantities and Containers
[16:20:05] INFO: expected_words=43
[16:20:05] INFO: __NEXT_DATA__ cards=43
[16:20:05] SAVE: 29_quantities_and_containers.csv (43 từ)
[16:20:05] OK: Quantities and Containers -> 43 từ
[16:20:05] [30/58] Đang xử lý: Languages and Nationalities
[16:20:07] INFO: expected_words=18
[16:20:07] INFO: __NEXT_DATA__ cards=18
[16:20:07] SAVE: 30_languages_and_nationalities.csv (18 từ)
[16:20:07] OK: Languages and Nationalities -> 18 từ
[16:20:07] [31/58] Đang xử lý: Romance
[16:20:11] INFO: expected_words=27
[16:20:11] INFO: __NEXT_DATA__ cards=27
[16:20:11] SAVE: 31_romance.csv (27 từ)
[16:20:11] OK: Romance -> 27 từ
[16:20:11] [32/58] Đang xử lý: Feelings and Emotions
[16:20:13] INFO: expected_words=37
[16:20:13] INFO: __NEXT_DATA__ cards=37
[16:20:13] SAVE: 32_feelings_and_emotions.csv (37 từ)
[16:20:13] OK: Feelings and Emotions -> 37 từ
[16:20:13] [33/58] Đang xử lý: People and Stages of Life
[16:20:15] INFO: expected_words=26
[16:20:15] INFO: __NEXT_DATA__ cards=26
[16:20:15] SAVE: 33_people_and_stages_of_life.csv (26 từ)
[16:20:15] OK: People and Stages of Life -> 26 từ
[16:20:15] [34/58] Đang xử lý: Hobbies
[16:20:17] INFO: expected_words=24
[16:20:17] INFO: __NEXT_DATA__ cards=24
[16:20:17] SAVE: 34_hobbies.csv (24 từ)
[16:20:17] OK: Hobbies -> 24 từ
[16:20:17] [35/58] Đang xử lý: The Environment and Energy
[16:20:22] INFO: expected_words=38
[16:20:22] INFO: __NEXT_DATA__ cards=38
[16:20:22] SAVE: 35_the_environment_and_energy.csv (38 từ)
[16:20:22] OK: The Environment and Energy -> 38 từ
[16:20:22] [36/58] Đang xử lý: Law and Politics
[16:20:26] INFO: expected_words=42
[16:20:26] INFO: __NEXT_DATA__ cards=42
[16:20:26] SAVE: 36_law_and_politics.csv (42 từ)
[16:20:26] OK: Law and Politics -> 42 từ
[16:20:26] [37/58] Đang xử lý: Farming
[16:20:29] INFO: expected_words=23
[16:20:29] INFO: __NEXT_DATA__ cards=23
[16:20:29] SAVE: 37_farming.csv (23 từ)
[16:20:29] OK: Farming -> 23 từ
[16:20:29] [38/58] Đang xử lý: Home Appliances and Furniture
[16:20:30] INFO: expected_words=25
[16:20:30] INFO: __NEXT_DATA__ cards=25
[16:20:30] SAVE: 38_home_appliances_and_furniture.csv (25 từ)
[16:20:30] OK: Home Appliances and Furniture -> 25 từ
[16:20:30] [39/58] Đang xử lý: Media and Journalism
[16:20:33] INFO: expected_words=37
[16:20:34] INFO: __NEXT_DATA__ cards=37
[16:20:34] SAVE: 39_media_and_journalism.csv (37 từ)
[16:20:34] OK: Media and Journalism -> 37 từ
[16:20:34] [40/58] Đang xử lý: Social Issues
[16:20:35] INFO: expected_words=36
[16:20:35] INFO: __NEXT_DATA__ cards=36
[16:20:35] SAVE: 40_social_issues.csv (36 từ)
[16:20:35] OK: Social Issues -> 36 từ
[16:20:35] [41/58] Đang xử lý: Success and Failure
[16:20:37] INFO: expected_words=31
[16:20:37] INFO: __NEXT_DATA__ cards=31
[16:20:37] SAVE: 41_success_and_failure.csv (31 từ)
[16:20:37] OK: Success and Failure -> 31 từ
[16:20:37] [42/58] Đang xử lý: Art
[16:20:39] INFO: expected_words=26
[16:20:39] INFO: __NEXT_DATA__ cards=26
[16:20:39] SAVE: 42_art.csv (26 từ)
[16:20:39] OK: Art -> 26 từ
[16:20:39] [43/58] Đang xử lý: Literature
[16:20:43] INFO: expected_words=29
[16:20:43] INFO: __NEXT_DATA__ cards=29
[16:20:43] SAVE: 43_literature.csv (29 từ)
[16:20:43] OK: Literature -> 29 từ
[16:20:43] [44/58] Đang xử lý: Internet and Websites
[16:20:45] INFO: expected_words=29
[16:20:45] INFO: __NEXT_DATA__ cards=29
[16:20:45] SAVE: 44_internet_and_websites.csv (29 từ)
[16:20:45] OK: Internet and Websites -> 29 từ
[16:20:45] [45/58] Đang xử lý: Fields of Study
[16:20:47] INFO: expected_words=25
[16:20:47] INFO: __NEXT_DATA__ cards=25
[16:20:47] SAVE: 45_fields_of_study.csv (25 từ)
[16:20:47] OK: Fields of Study -> 25 từ
[16:20:47] [46/58] Đang xử lý: Ambition and Achievement
[16:20:49] INFO: expected_words=30
[16:20:49] INFO: __NEXT_DATA__ cards=30
[16:20:49] SAVE: 46_ambition_and_achievement.csv (30 từ)
[16:20:49] OK: Ambition and Achievement -> 30 từ
[16:20:49] [47/58] Đang xử lý: Movie and Theater
[16:20:53] INFO: expected_words=35
[16:20:54] INFO: __NEXT_DATA__ cards=35
[16:20:54] SAVE: 47_movie_and_theater.csv (35 từ)
[16:20:54] OK: Movie and Theater -> 35 từ
[16:20:54] [48/58] Đang xử lý: Personal Characteristics
[16:20:57] INFO: expected_words=27
[16:20:57] INFO: __NEXT_DATA__ cards=27
[16:20:57] SAVE: 48_personal_characteristics.csv (27 từ)
[16:20:57] OK: Personal Characteristics -> 27 từ
[16:20:57] [49/58] Đang xử lý: Common Adverbs
[16:21:01] INFO: expected_words=30
[16:21:01] INFO: __NEXT_DATA__ cards=30
[16:21:01] SAVE: 49_common_adverbs.csv (30 từ)
[16:21:01] OK: Common Adverbs -> 30 từ
[16:21:01] [50/58] Đang xử lý: Essential Adverbs
[16:21:03] INFO: expected_words=26
[16:21:03] INFO: __NEXT_DATA__ cards=26
[16:21:03] SAVE: 50_essential_adverbs.csv (26 từ)
[16:21:03] OK: Essential Adverbs -> 26 từ
[16:21:03] [51/58] Đang xử lý: Travel and Vacation
[16:21:07] INFO: expected_words=33
[16:21:07] INFO: __NEXT_DATA__ cards=33
[16:21:07] SAVE: 51_travel_and_vacation.csv (33 từ)
[16:21:07] OK: Travel and Vacation -> 33 từ
[16:21:07] [52/58] Đang xử lý: Essential Verbs
[16:21:10] INFO: expected_words=35
[16:21:10] INFO: __NEXT_DATA__ cards=35
[16:21:10] SAVE: 52_essential_verbs.csv (35 từ)
[16:21:10] OK: Essential Verbs -> 35 từ
[16:21:10] [53/58] Đang xử lý: Necessary Verbs
[16:21:14] INFO: expected_words=37
[16:21:14] INFO: __NEXT_DATA__ cards=37
[16:21:14] SAVE: 53_necessary_verbs.csv (37 từ)
[16:21:14] OK: Necessary Verbs -> 37 từ
[16:21:14] [54/58] Đang xử lý: Common Verbs
[16:21:18] INFO: expected_words=34
[16:21:18] INFO: __NEXT_DATA__ cards=34
[16:21:18] SAVE: 54_common_verbs.csv (34 từ)
[16:21:18] OK: Common Verbs -> 34 từ
[16:21:18] [55/58] Đang xử lý: Essential Adjectives
[16:21:21] INFO: expected_words=35
[16:21:21] INFO: __NEXT_DATA__ cards=35
[16:21:21] SAVE: 55_essential_adjectives.csv (35 từ)
[16:21:21] OK: Essential Adjectives -> 35 từ
[16:21:21] [56/58] Đang xử lý: Necessary Adjectives
[16:21:22] INFO: expected_words=34
[16:21:22] INFO: __NEXT_DATA__ cards=34
[16:21:22] SAVE: 56_necessary_adjectives.csv (34 từ)
[16:21:22] OK: Necessary Adjectives -> 34 từ
[16:21:22] [57/58] Đang xử lý: Food and Diet
[16:21:24] INFO: expected_words=33
[16:21:24] INFO: __NEXT_DATA__ cards=33
[16:21:24] SAVE: 57_food_and_diet.csv (33 từ)
[16:21:24] OK: Food and Diet -> 33 từ
[16:21:24] [58/58] Đang xử lý: Abstract Concepts
[16:21:25] INFO: expected_words=42
[16:21:25] INFO: __NEXT_DATA__ cards=42
[16:21:25] SAVE: 58_abstract_concepts.csv (42 từ)
[16:21:25] OK: Abstract Concepts -> 42 từ
[16:21:28] Hoàn tất: 58 topic, 1850 từ
[16:21:32] INFO: CSV Viewer tải 1850 dòng từ all_vocabulary.csv
